        -:    0:Source:main.c
        -:    0:Graph:flashcardapp-main.gcno
        -:    0:Data:flashcardapp-main.gcda
        -:    0:Runs:1
        -:    1:// main.c
        -:    2:
        -:    3:/*
        -:    4: * Flashcard Application
        -:    5: * ---------------------
        -:    6: * This is the main entry point for the Flashcard App, which allows users to:
        -:    7: * - Add categories
        -:    8: * - Add flashcards to existing categories
        -:    9: * - Start quizzes based on categories
        -:   10: * - Display help information
        -:   11: *
        -:   12: * Dependencies:
        -:   13: * - GTK 4.0
        -:   14: * - storage.h (Handles storage and category management)
        -:   15: * - quiz_logic.h (Implements quiz logic)
        -:   16: */
        -:   17:
        -:   18:#include <stdio.h>
        -:   19:#include <string.h>
        -:   20:#include <stdlib.h>
        -:   21:#include <gtk/gtk.h>  // GTK 4.0
        -:   22:#include "storage.h"
        -:   23:#include "quiz_logic.h"
        -:   24:
        -:   25:/*
        -:   26: * Function: display_help
        -:   27: * ----------------------
        -:   28: * Displays a help message detailing the usage of the Flashcard App.
        -:   29: *
        -:   30: * Parameters: None
        -:   31: * Returns: None
        -:   32: */
    #####:   33:void display_help() {
    #####:   34:    printf("Flashcard App Help\n");
    #####:   35:    printf("------------------\n");
    #####:   36:    printf("Usage:\n");
    #####:   37:    printf("  ./flashcardapp [--help]\n");
    #####:   38:    printf("\n");
    #####:   39:    printf("Options:\n");
    #####:   40:    printf("  --help    Display this help message and exit.\n");
    #####:   41:    printf("\n");
    #####:   42:    printf("Interactive Menu Options:\n");
    #####:   43:    printf("  1. Add Category    - Add a new category.\n");
    #####:   44:    printf("  2. Add Flashcard   - Add a flashcard to an existing category.\n");
    #####:   45:    printf("  3. Start Quiz      - Start a quiz for a category.\n");
    #####:   46:    printf("  4. Exit            - Exit the application.\n");
    #####:   47:    printf("\n");
    #####:   48:    printf("Note: The application does not save data between sessions.\n");
    #####:   49:}
        -:   50:
        -:   51:/*
        -:   52: * Function: display_menu
        -:   53: * ----------------------
        -:   54: * Displays the interactive menu for the Flashcard App.
        -:   55: *
        -:   56: * Parameters: None
        -:   57: * Returns: None
        -:   58: */
       11:   59:void display_menu() {
       11:   60:    printf("\nFlashcard App Menu:\n");
       11:   61:    printf("1. Add Category\n");
       11:   62:    printf("2. Add Flashcard\n");
       11:   63:    printf("3. Start Quiz\n");
       11:   64:    printf("4. Exit\n");
       11:   65:    printf("Enter your choice (1-4): ");
       11:   66:}
        -:   67:
        -:   68:/*
        -:   69: * Function: main
        -:   70: * --------------
        -:   71: * Main function that initializes the application, handles user input, and
        -:   72: * manages the interactive menu for the Flashcard App.
        -:   73: *
        -:   74: * Parameters:
        -:   75: * - argc: Argument count
        -:   76: * - argv: Argument vector (list of command-line arguments)
        -:   77: *
        -:   78: * Returns:
        -:   79: * - 0 on successful execution
        -:   80: */
        1:   81:int main(int argc, char *argv[]) {
       1*:   82:    if (argc > 1 && strcmp(argv[1], "--help") == 0) {
    #####:   83:        display_help();
    #####:   84:        return 0;
        -:   85:    }
        -:   86:
        -:   87:    // Initialize GTK
        1:   88:    gtk_init();
        -:   89:
        -:   90:    int choice;
        -:   91:    char input_buffer[256];
        -:   92:
        -:   93:    // Initialize storage for categories and flashcards
        1:   94:    initialize_storage();
        -:   95:
        -:   96:    while (1) {
       11:   97:        display_menu();
       11:   98:        if (fgets(input_buffer, sizeof(input_buffer), stdin) == NULL) {
    #####:   99:            printf("Error reading input. Exiting.\n");
    #####:  100:            break;
        -:  101:        }
       11:  102:        choice = atoi(input_buffer);
        -:  103:
       11:  104:        if (choice == 1) {
        -:  105:            // Add Category
        -:  106:            char category_name[MAX_CATEGORY_NAME_LENGTH];
        2:  107:            printf("Enter the category name: ");
       2*:  108:            if (fgets(category_name, MAX_CATEGORY_NAME_LENGTH, stdin) == NULL) {
    #####:  109:                printf("Error reading input.\n");
    #####:  110:                continue;
        -:  111:            }
        2:  112:            category_name[strcspn(category_name, "\n")] = '\0';
        2:  113:            int result = add_category(category_name);
        2:  114:            if (result == 1) {
        2:  115:                printf("Category '%s' added successfully.\n", category_name);
    #####:  116:            } else if (result == 0) {
    #####:  117:                printf("Category '%s' already exists.\n", category_name);
        -:  118:            } else {
    #####:  119:                printf("Maximum number of categories reached.\n");
        -:  120:            }
        9:  121:        } else if (choice == 2) {
        -:  122:            // Add Flashcard
        -:  123:            char category_name[MAX_CATEGORY_NAME_LENGTH];
        -:  124:            char question[MAX_QUESTION_LENGTH];
        -:  125:            char answer[MAX_ANSWER_LENGTH];
        -:  126:
        2:  127:            printf("Enter the category name: ");
       2*:  128:            if (fgets(category_name, MAX_CATEGORY_NAME_LENGTH, stdin) == NULL) {
    #####:  129:                printf("Error reading input.\n");
    #####:  130:                continue;
        -:  131:            }
        2:  132:            category_name[strcspn(category_name, "\n")] = '\0';
        -:  133:
        2:  134:            printf("Enter the question: ");
       2*:  135:            if (fgets(question, MAX_QUESTION_LENGTH, stdin) == NULL) {
    #####:  136:                printf("Error reading input.\n");
    #####:  137:                continue;
        -:  138:            }
        2:  139:            question[strcspn(question, "\n")] = '\0';
        -:  140:
        2:  141:            printf("Enter the answer: ");
       2*:  142:            if (fgets(answer, MAX_ANSWER_LENGTH, stdin) == NULL) {
    #####:  143:                printf("Error reading input.\n");
    #####:  144:                continue;
        -:  145:            }
        2:  146:            answer[strcspn(answer, "\n")] = '\0';
        -:  147:
        2:  148:            int result = add_flashcard(category_name, question, answer);
        2:  149:            if (result == 1) {
        2:  150:                printf("Flashcard added to category '%s' successfully.\n", category_name);
    #####:  151:            } else if (result == 0) {
    #####:  152:                printf("Category '%s' does not exist.\n", category_name);
        -:  153:            } else {
    #####:  154:                printf("Maximum number of flashcards reached for category '%s'.\n", category_name);
        -:  155:            }
        7:  156:        } else if (choice == 3) {
        -:  157:            // Start Quiz
        -:  158:            char category_name[MAX_CATEGORY_NAME_LENGTH];
        3:  159:            printf("Enter the category name to start the quiz: ");
       3*:  160:            if (fgets(category_name, MAX_CATEGORY_NAME_LENGTH, stdin) == NULL) {
    #####:  161:                printf("Error reading input.\n");
    #####:  162:                continue;
        -:  163:            }
        3:  164:            category_name[strcspn(category_name, "\n")] = '\0';
        3:  165:            start_quiz(category_name);
        4:  166:        } else if (choice == 4) {
        -:  167:            // Exit
        1:  168:            printf("Exiting the Flashcard App. Goodbye!\n");
        1:  169:            break;
        -:  170:        } else {
        -:  171:            // Invalid Input
        3:  172:            printf("Invalid choice. Please enter a number between 1 and 4.\n");
        -:  173:        }
        -:  174:    }
        -:  175:
        -:  176:    // Free resources allocated for storage
        1:  177:    free_storage();
        1:  178:    return 0;
        -:  179:}
