        -:    0:Source:test_storage.c
        -:    0:Graph:test_storage-test_storage.gcno
        -:    0:Data:test_storage-test_storage.gcda
        -:    0:Runs:1
        -:    1:#include <stdio.h>
        -:    2:#include <string.h>
        -:    3:#include "storage.h"
        -:    4:
        -:    5:// Test for `find_category_index`
        1:    6:void test_find_category_index() {
        1:    7:    printf("\nRunning test for find_category_index...\n");
        -:    8:
        1:    9:    initialize_storage();
        -:   10:
        1:   11:    add_category("Math");
        1:   12:    add_category("Science");
        -:   13:
        -:   14:    // Valid case
        1:   15:    if (find_category_index("Math") == 0 && find_category_index("Science") == 1) {
        1:   16:        printf("PASS: find_category_index\n");
        -:   17:    } else {
    #####:   18:        printf("FAIL: find_category_index\n");
        -:   19:    }
        -:   20:
        -:   21:    // Invalid case
        1:   22:    if (find_category_index("InvalidCategory") == -1) {
        1:   23:        printf("PASS: find_category_index (invalid case)\n");
        -:   24:    } else {
    #####:   25:        printf("FAIL: find_category_index (invalid case)\n");
        -:   26:    }
        -:   27:
        -:   28:    // Force a failure for `FAIL` branch
        1:   29:    category_count = -1;
        1:   30:    if (find_category_index("Math") != -1) {
    #####:   31:        printf("FAIL: find_category_index (manipulated failure)\n");
        -:   32:    } else {
        1:   33:        printf("PASS: find_category_index (manipulated failure)\n");
        -:   34:    }
        1:   35:    category_count = 0; // Reset
        1:   36:}
        -:   37:
        -:   38:// Test for `add_category`
        1:   39:void test_add_category() {
        1:   40:    printf("\nRunning test for add_category...\n");
        -:   41:
        1:   42:    initialize_storage();
        -:   43:
        -:   44:    // Valid case
        1:   45:    if (add_category("Math") == 1) {
        1:   46:        printf("PASS: add_category (new category)\n");
        -:   47:    } else {
    #####:   48:        printf("FAIL: add_category (new category)\n");
        -:   49:    }
        -:   50:
        -:   51:    // Duplicate category
        1:   52:    if (add_category("Math") == 0) {
        1:   53:        printf("PASS: add_category (duplicate category)\n");
        -:   54:    } else {
    #####:   55:        printf("FAIL: add_category (duplicate category)\n");
        -:   56:    }
        -:   57:
        -:   58:    // Simulate reaching the max category limit
       11:   59:    for (int i = 0; i < MAX_CATEGORIES; i++) {
        -:   60:        char name[20];
       10:   61:        sprintf(name, "Category%d", i);
       10:   62:        add_category(name);
        -:   63:    }
        1:   64:    if (add_category("ExtraCategory") == -1) {
        1:   65:        printf("PASS: add_category (max limit)\n");
        -:   66:    } else {
    #####:   67:        printf("FAIL: add_category (max limit)\n");
        -:   68:    }
        -:   69:
        -:   70:    // Force failure for overflow
        1:   71:    category_count = MAX_CATEGORIES + 1;
        1:   72:    if (add_category("OverflowCategory") != -1) {
    #####:   73:        printf("FAIL: add_category (manipulated failure)\n");
        -:   74:    } else {
        1:   75:        printf("PASS: add_category (manipulated failure)\n");
        -:   76:    }
        1:   77:    category_count = 0; // Reset
        1:   78:}
        -:   79:
        -:   80:// Test for `add_flashcard`
        1:   81:void test_add_flashcard() {
        1:   82:    printf("\nRunning test for add_flashcard...\n");
        -:   83:
        1:   84:    initialize_storage();
        1:   85:    add_category("Math");
        -:   86:
        -:   87:    // Valid case
        1:   88:    if (add_flashcard("Math", "What is 2+2?", "4") == 1) {
        1:   89:        printf("PASS: add_flashcard (valid)\n");
        -:   90:    } else {
    #####:   91:        printf("FAIL: add_flashcard (valid)\n");
        -:   92:    }
        -:   93:
        -:   94:    // Invalid category
        1:   95:    if (add_flashcard("InvalidCategory", "Question?", "Answer") == 0) {
        1:   96:        printf("PASS: add_flashcard (invalid category)\n");
        -:   97:    } else {
    #####:   98:        printf("FAIL: add_flashcard (invalid category)\n");
        -:   99:    }
        -:  100:
        -:  101:    // Simulate reaching the max flashcard limit
       21:  102:    for (int i = 0; i < MAX_FLASHCARDS_PER_CATEGORY; i++) {
        -:  103:        char question[50], answer[50];
       20:  104:        sprintf(question, "Question %d", i);
       20:  105:        sprintf(answer, "Answer %d", i);
       20:  106:        add_flashcard("Math", question, answer);
        -:  107:    }
        1:  108:    if (add_flashcard("Math", "Extra Question?", "Extra Answer") == -1) {
        1:  109:        printf("PASS: add_flashcard (max limit)\n");
        -:  110:    } else {
    #####:  111:        printf("FAIL: add_flashcard (max limit)\n");
        -:  112:    }
        -:  113:
        -:  114:    // Force failure for overflow
        1:  115:    flashcard_counts[0] = MAX_FLASHCARDS_PER_CATEGORY + 1;
        1:  116:    if (add_flashcard("Math", "Overflow Question", "Overflow Answer") != -1) {
    #####:  117:        printf("FAIL: add_flashcard (manipulated failure)\n");
        -:  118:    } else {
        1:  119:        printf("PASS: add_flashcard (manipulated failure)\n");
        -:  120:    }
        1:  121:    flashcard_counts[0] = 0; // Reset
        1:  122:}
        -:  123:
        -:  124:// Test for `initialize_storage`
        1:  125:void test_initialize_storage() {
        1:  126:    printf("\nRunning test for initialize_storage...\n");
        -:  127:
        1:  128:    add_category("Math");
        1:  129:    add_flashcard("Math", "What is 2+2?", "4");
        -:  130:
        1:  131:    initialize_storage();
        -:  132:
        -:  133:    // Validate storage reset
        1:  134:    if (category_count == 0 && flashcard_counts[0] == 0) {
        1:  135:        printf("PASS: initialize_storage\n");
        -:  136:    } else {
    #####:  137:        printf("FAIL: initialize_storage\n");
        -:  138:    }
        -:  139:
        -:  140:    // Test reinitialization
        1:  141:    initialize_storage();
        1:  142:    if (category_count == 0 && flashcard_counts[0] == 0) {
        1:  143:        printf("PASS: initialize_storage (re-init)\n");
        -:  144:    } else {
    #####:  145:        printf("FAIL: initialize_storage (re-init)\n");
        -:  146:    }
        1:  147:}
        -:  148:
        -:  149:// Main function to run all tests
        1:  150:int main() {
        1:  151:    printf("Running Storage Tests...\n");
        -:  152:
        1:  153:    test_find_category_index();
        1:  154:    test_add_category();
        1:  155:    test_add_flashcard();
        1:  156:    test_initialize_storage();
        -:  157:
        1:  158:    printf("\nAll tests completed.\n");
        1:  159:    return 0;
        -:  160:}
